Build started 12/31/2010 1:04:26 PM.
     1>Project "C:\Users\Administrator\Documents\Visual Studio 2008\Projects\Triangle Perimeter\Triangle Perimeter\Triangle Perimeter.vcxproj" on node 2 (build target(s)).
     1>InitializeBuildStatus:
         Creating "Debug\Triangle Perimeter.unsuccessfulbuild" because "AlwaysCreate" was specified.
       ClCompile:
         C:\Program Files (x86)\Microsoft Visual Studio 10.0\VC\bin\CL.exe /c /ZI /nologo /W3 /WX- /Od /Oy- /D WIN32 /D _DEBUG /D _CONSOLE /D _UNICODE /D UNICODE /Gm /EHsc /RTC1 /MDd /GS /fp:precise /Zc:wchar_t /Zc:forScope /Fo"Debug\\" /Fd"Debug\vc100.pdb" /Gd /TP /analyze- /errorReport:prompt Bradshaw_David_Triangle_Perimeter.cpp
         Bradshaw_David_Triangle_Perimeter.cpp
     1>c:\users\administrator\documents\visual studio 2008\projects\triangle perimeter\triangle perimeter\bradshaw_david_triangle_perimeter.cpp(11): warning C4101: 'temp3' : unreferenced local variable
     1>c:\users\administrator\documents\visual studio 2008\projects\triangle perimeter\triangle perimeter\bradshaw_david_triangle_perimeter.cpp(10): warning C4101: 'temp2' : unreferenced local variable
       ManifestResourceCompile:
         C:\Program Files (x86)\Microsoft SDKs\Windows\v7.0A\bin\rc.exe /nologo /fo"Debug\Triangle Perimeter.exe.embed.manifest.res" "Debug\Triangle Perimeter_manifest.rc" 
       Link:
         C:\Program Files (x86)\Microsoft Visual Studio 10.0\VC\bin\link.exe /ERRORREPORT:PROMPT /OUT:"C:\Users\Administrator\Documents\Visual Studio 2008\Projects\Triangle Perimeter\Debug\Triangle Perimeter.exe" /INCREMENTAL /NOLOGO kernel32.lib user32.lib gdi32.lib winspool.lib comdlg32.lib advapi32.lib shell32.lib ole32.lib oleaut32.lib uuid.lib odbc32.lib odbccp32.lib /MANIFEST /ManifestFile:"Debug\Triangle Perimeter.exe.intermediate.manifest" /MANIFESTUAC:"level='asInvoker' uiAccess='false'" /DEBUG /PDB:"C:\Users\Administrator\Documents\Visual Studio 2008\Projects\Triangle Perimeter\Debug\Triangle Perimeter.pdb" /SUBSYSTEM:CONSOLE /TLBID:1 /DYNAMICBASE /NXCOMPAT /IMPLIB:"C:\Users\Administrator\Documents\Visual Studio 2008\Projects\Triangle Perimeter\Debug\Triangle Perimeter.lib" /MACHINE:X86 "Debug\Triangle Perimeter.exe.embed.manifest.res"
         Debug\Bradshaw_David_Triangle_Perimeter.obj
       Manifest:
         C:\Program Files (x86)\Microsoft SDKs\Windows\v7.0A\bin\mt.exe /nologo /verbose /out:"Debug\Triangle Perimeter.exe.embed.manifest" /manifest "Debug\Triangle Perimeter.exe.intermediate.manifest"
         
     1>mt.exe : general error c101008a: Failed to save the updated manifest to the file "Debug\Triangle Perimeter.exe.embed.manifest". The parameter is incorrect.
         
     1>Done Building Project "C:\Users\Administrator\Documents\Visual Studio 2008\Projects\Triangle Perimeter\Triangle Perimeter\Triangle Perimeter.vcxproj" (build target(s)) -- FAILED.

Build FAILED.

Time Elapsed 00:00:09.71
